<?xml version="1.0" encoding="UTF-8"?><testsuite errors="0" failures="0" name="io.cucumber.core.plugin.JUnitFormatter" skipped="0" tests="36" time="1.476">
<testcase classname="Edit patient report" name="Validate VIEW/EDIT/CREATE buttons are visible for the patient with their health conditions are not confirmed" time="0.03">
<system-out><![CDATA[Given Dietician naviagates to My Patients screen............................passed
When Dietician enters patient name and clicks search button.................passed
Then Patient details for the given name is displays in the My Patients screen.passed
When Dietician checks  VIEW PREVIOUS TEST REPORTand PLANS and CREATE NEW REPORT and PLAN and EDIT PREVIOUS REPORT and PLAN buttons.passed
Then VIEW PREVIOUS TEST REPORT and PLAN and CREATE NEW REPORT and PLAN buttons  EDIT PREVIOUS REPORT and PLAN buttons displays in the My Patients screen.passed
]]></system-out>
</testcase>
<testcase classname="Edit patient report" name="Validate user is able to Edit the Diet plan when the health conditions are not confirmed" time="0.002">
<system-out><![CDATA[Given Dietician is on My Patients screen....................................passed
When Dietician clicks EDIT PREVIOUS REPORT/PLAN button......................passed
Then Dietician navigates to Confirm Health conditions and Generate a new Diet plan.passed
]]></system-out>
</testcase>
<testcase classname="Edit patient report" name="Validate the health conditions and co - morbidis and preferences are preselected based on its created" time="0">
<system-out><![CDATA[Given Dietician is on Confirm Health Conditions and Generate a new Diet Plan page.passed
When Dietician gets the page with pre selections of health conditionsa andCo-Morbidities and Preference.passed
Then health conditions and Co-Morbidities and Preference are preselected based on the report and Menu created.passed
When Dietician changes the condition and Co Morbidities and preference......passed
Then changed condition and Co Morbidities and preferences appears on the screen along with the previous selection.passed
]]></system-out>
</testcase>
<testcase classname="Edit patient report" name="Confirm Health Conditions and Generate a new Diet Plan" time="0.002">
<system-out><![CDATA[Given Dietician is on Confirm Health Conditions and Generate a new Diet Plan page.passed
When Clicks both of the confirm buttons.....................................passed
Then Confirm button turns into Confirmed and authenticiated with the message Health conditions and Co Morbidities and preferences are confirmed.passed
When Clicks GENERATE MENU button	Diet plan..................................passed
Then updated and authendicated with the message Report and Diet Plan is updated successfully.passed
]]></system-out>
</testcase>
<testcase classname="Edit patient report" name="Validate Dietician could not edit the health conditions and Diet plans for a patient has confirmed health conditions" time="0.002">
<system-out><![CDATA[Given Dietician navigates to My Patients screen.............................passed
When Enters patient name and hit the search button..........................passed
Then Patient details for the given name is displays in the My Patients screen.passed
When Dietician gets VIEW PREVIOUS TEST REPORT and  VIEW PREVIOUS DIET PLANS and CREATE NEW REPORT or  PLAN buttons.passed
Then EDIT PREVIOUS REPORT/PLAN button is not displays on the screen.........passed
]]></system-out>
</testcase>
<testcase classname="Sign in functionality of a dietician website" name="Sign in" time="0.002">
<system-out><![CDATA[Given Already created user name.............................................passed
When User enters valid user name............................................passed
Given Already created password..............................................passed
When User enters the valid password.........................................passed
Then User should be signed in successfully..................................passed
]]></system-out>
</testcase>
<testcase classname="Sign in functionality of a dietician website" name="User forgot password" time="0.003">
<system-out><![CDATA[Given User is in sign in page...............................................passed
When User clicks the Forgot Password........................................passed
Then It should take to set new password page................................passed
]]></system-out>
</testcase>
<testcase classname="Sign in functionality of a dietician website" name="User set new password" time="0.003">
<system-out><![CDATA[Given User is on reset your password........................................passed
When page	User enters the email.............................................passed
Then An OTP should sent to the valid email..................................passed
]]></system-out>
</testcase>
<testcase classname="Sign in functionality of a dietician website" name="User check email for OTP" time="0.003">
<system-out><![CDATA[Given OTP in email..........................................................passed
When User enters the OTP....................................................passed
Then User should be allowed to create a new Password........................passed
]]></system-out>
</testcase>
<testcase classname="Sign in functionality of a dietician website" name="User setting new password" time="0.001">
<system-out><![CDATA[Given Set password page.....................................................passed
When User creates a new Password............................................passed
Then User should be allowed to set new Password.............................passed
]]></system-out>
</testcase>
<testcase classname="Sign in functionality of a dietician website" name="Log in with new password" time="0.001">
<system-out><![CDATA[Given Set password page.....................................................passed
When user clicks Login button...............................................passed
Then User should be able to login successfully with new password............passed
]]></system-out>
</testcase>
<testcase classname="Sign in functionality of a dietician website" name="User not a member yet of that website" time="0.002">
<system-out><![CDATA[Given User is in sign in page...............................................passed
When User clicks the Not a member yet.......................................passed
Then It should redirect user to the sign up page............................passed
]]></system-out>
</testcase>
<testcase classname="Sign in functionality of a dietician website" name="Sign in with invalid credentials (_ve)" time="0.003">
<system-out><![CDATA[Given Invalid password......................................................passed
When User enters invalid password...........................................passed
Given Invalid user name.....................................................passed
When User enters invalid user name..........................................passed
Then User fails to sign in..................................................passed
]]></system-out>
</testcase>
<testcase classname="Sign in functionality of a dietician website" name="User try to sign in without sign up or registration" time="0.002">
<system-out><![CDATA[Given Unauthorised activity of user.........................................passed
When User fills sign in form................................................passed
Then User should get error message please register before signning in.......passed
]]></system-out>
</testcase>
<testcase classname="Sign in functionality of a dietician website" name="Using one valid, one invalid credentials" time="0.001">
<system-out><![CDATA[Given User is on sign in page...............................................passed
When User enters valid username with incorrect password.....................passed
Then User should get error message please enter valid password..............passed
When User enters invalid username and correct password......................passed
Then User should get error message please enter valid username..............passed
]]></system-out>
</testcase>
<testcase classname="Sign in functionality of a dietician website" name="Forgot password" time="0.001">
<system-out><![CDATA[Given Forgot password page..................................................passed
When User enters an incorrect OTP...........................................passed
Then It should give an error asking user to click resend OTP button.........passed
]]></system-out>
</testcase>
<testcase classname="My Patient elements" name="Verify my patient tab" time="0.003">
<system-out><![CDATA[Given User is on any page after login.......................................passed
When User clicks on "My Patients" tab.......................................passed
Then It shows breadcrubs as Dietician Software MyPatients...................passed
]]></system-out>
</testcase>
<testcase classname="Fetch patient info" name="Search Filters" time="0.002">
<system-out><![CDATA[Given User is on my patients page...........................................passed
When User types in anything other than 0 to 9 in phone number field.........passed
Then It must throw error message and discontinue search action..............passed
When User types in anything other valid character in email address field....passed
Then It must throw error message and discontinue search action..............passed
When User types in anything other alphabets in name field...................passed
Then It must throw error message and discontinue search action..............passed
]]></system-out>
</testcase>
<testcase classname="Fetch patient info" name="Display list of patients" time="0.001">
<system-out><![CDATA[Given User is on my patients................................................passed
When User clicks on search button with all fields empty.....................passed
Then Displays all patients for that dietician only..........................passed
]]></system-out>
</testcase>
<testcase classname="Fetch patient info" name="Verify column names" time="0.002">
<system-out><![CDATA[Given User is on my patients list...........................................passed
When User clicks on search button with or without all fields empty..........passed
Then It shows columns name like Record Number CustID and Name and Details and Last Visit and Actions and View Previous Test Report and View Previous Diet Plans and Create New Report or Plan.passed
]]></system-out>
</testcase>
<testcase classname="Fetch patient info" name="Verify that page needs pagiation" time="0.004">
<system-out><![CDATA[Given Patients record are displayed.........................................passed
When Records are more than 10...............................................passed
Then It must show pagination links..........................................passed
When User clicks on next pagination link....................................passed
Then It goes to next page and shows different patients on that page"........passed
When User clicks on previous pagination link................................passed
Then It goes to previous page...............................................passed
]]></system-out>
</testcase>
<testcase classname="Fetch patient info" name="Verify that each patient detail" time="0.005">
<system-out><![CDATA[Given User has searched patients............................................passed
When Patients records Cust ID are displayed.................................passed
Then Customer Id is shown in column Cust ID column..........................passed
When Patients records  Name are displayed...................................passed
Then Patients name is displayed in Name column..............................passed
When Patients records are displayed.........................................passed
Then Details column shows patients email or phone number or address.........passed
When Patients records are valid date displayed..............................passed
Then Last visit date is shown in valid date format..........................passed
When Patients records valid format are displayed............................passed
Then Verify that email address is in valid format in details cloumn.........passed
]]></system-out>
</testcase>
<testcase classname="Fetch patient info" name="View pateints diet plans" time="0.002">
<system-out><![CDATA[Given Patients records are displayed........................................passed
When User clicks on button View Previous Diet Plans.........................passed
Then It redirects user to Generated Diet Plans page.........................passed
When User clicks on button Create New Report/Plan...........................passed
Then It redirects user to Confirm Health Conditions and Generate a New Diet plan page.passed
]]></system-out>
</testcase>
<testcase classname="Fetch patient info" name="View patients previous test reports" time="0.003">
<system-out><![CDATA[Given Patients records are displayed........................................passed
When User clicks on button View Previous Test Reports.......................passed
Then It redirects user to View Patient Test Reports page....................passed
]]></system-out>
</testcase>
<testcase classname="Patient Test Report" name="Display Patient Test Report page" time="0.004">
<system-out><![CDATA[Given Dietician is on the My patients page..................................passed
When Enters the patient name in filter and clicks search....................passed
Then A record of the given patient is displays here.........................passed
When Clicks View Previous Test Reports button...............................passed
Then Dietician navigates to View Patient Test Reports page..................passed
]]></system-out>
</testcase>
<testcase classname="Patient Test Report" name="View Patient Test Report page" time="0">
<system-out><![CDATA[Given Dietician is on View Patients Test report page........................passed
When Dietician checks the File/Report uploaded in the Confirm health condition and create diet plan page is available in the table.passed
Then File/Report displays in the table located in the View Patient Test Reports page.passed
When Clicks on the view PDF button of particular patients...................passed
Then PDF file opens in separate window......................................passed
]]></system-out>
</testcase>
<testcase classname="Patient Test Report" name="View Patient PDF file" time="0.003">
<system-out><![CDATA[Given Dietician is on PDF file..............................................passed
When Dietician clicks on View PDF button available in the Diet Plan column..passed
Then PDF file opens in separate window......................................passed
When Dietician checks the Patient Details and Doctor Details and health conditionsa and 7 Days Menu warnings and comments are available in the PDF file.passed
Then Patient Details and doctor Details and health conditions and 7 Days Menu and warnings and comments are available in the PDF file.passed
]]></system-out>
</testcase>
<testcase classname="Register functionality using any other field" name="Sign up formalities" time="0.002">
<system-out><![CDATA[Given Sign up with First Name credential....................................passed
When User fill the valid First Name.........................................passed
Given Sign up with Last Name credential.....................................passed
When User fill the Last Name................................................passed
Given Sign up with mobile no................................................passed
When User fill the valid mobile no..........................................passed
Given Sign up with any other field as Username..............................passed
When User creates Username..................................................passed
Given Signup with email.....................................................passed
When User enter the valid email.............................................passed
Given Sign up with password.................................................passed
When User create password...................................................passed
Given Sign up with all valid credentials....................................passed
When User clicks sign up button.............................................passed
Then Users should be able to sign up successfully...........................passed
]]></system-out>
</testcase>
<testcase classname="Register functionality using any other field" name="Register with invalid credentials&#9;(-ve)" time="0.002">
<system-out><![CDATA[Given Sign up formalities with one or more invalid values...................passed
When User try to write a numeric value in Firstname field...................passed
Then It should display an error Please enter a valid name...................passed
]]></system-out>
</testcase>
<testcase classname="Register functionality using any other field" name="Keeping email box empty" time="0">
<system-out><![CDATA[Given Sign up with empty field..............................................passed
When User leaves email field empty..........................................passed
Then It should display an alert to fill up all the mandatory fields.........passed
]]></system-out>
</testcase>
<testcase classname="Register functionality using any other field" name="Gives invalid ph no" time="0.002">
<system-out><![CDATA[Given Sign up with invalid ph no............................................passed
When User puts 7 digit ph no................................................passed
Then It should give an alert to user for using a valid ph no for the field..passed
]]></system-out>
</testcase>
<testcase classname="Register functionality using any other field" name="Password could not match the criteria" time="0.001">
<system-out><![CDATA[Given Sign up with invalid password.........................................passed
When User creates shorter password than required............................passed
Then User should get an error message password criteria did not match.......passed
]]></system-out>
</testcase>
<testcase classname="Register functionality using any other field" name="Leaving any other field empty" time="0.001">
<system-out><![CDATA[Given User on sign up form page.............................................passed
When User leaves any other field empty......................................passed
Then User should get an error message asking to fill all the boxes..........passed
]]></system-out>
</testcase>
<testcase classname="Search patient" name="User search the Patient text" time="0.001">
<system-out><![CDATA[Given User is on any page after login.......................................passed
When User clicks on My Patients tab.........................................passed
Then Name email and phone number filter options and search button are displayed.passed
]]></system-out>
</testcase>
<testcase classname="Search patient" name="Verify search button text" time="0.002">
<system-out><![CDATA[Given User is logged in.....................................................passed
When User is on my patients.................................................passed
Then Button used for search has text as Search..............................passed
When User starts typing inside name filter box..............................passed
Then Text inside name filter box should disappear...........................passed
When User starts typing inside email address filter box.....................passed
Then Text inside email address filter box should disappear..................passed
When User starts typing inside phone number filter box......................passed
Then Text inside phone number filter box should disappear...................passed
]]></system-out>
</testcase>
<testcase classname="Search patient" name="Search patients by name" time="0.004">
<system-out><![CDATA[Given User is on my patients................................................passed
When User clicks on search with name phrase into name filter box............passed
Then Records for name phrase are shown......................................passed
When User clicks on search with email phrase into email address filter......passed
Then Records for email phrase are shown.....................................passed
When User clicks on search with phone number into phone number filter.......passed
Then Records for phone number are shown.....................................passed
]]></system-out>
</testcase>
</testsuite>
